<?xml version="1.0" encoding="UTF-8"?>
<testng-results ignored="2" total="6" passed="3" failed="1" skipped="0">
  <reporter-output>
  </reporter-output>
  <suite started-at="2022-07-22T12:46:08 IST" name="Suite" finished-at="2022-07-22T12:47:21 IST" duration-ms="72783">
    <groups>
      <group name="Sanity">
        <method signature="LoginPageTest.loginTest(java.lang.String, java.lang.String)[pri:0, instance:com.mystore.testscripts.LoginPageTest@ca263c2]" name="loginTest" class="com.mystore.testscripts.LoginPageTest"/>
      </group> <!-- Sanity -->
      <group name="Smoke">
        <method signature="IndexPageTest.VerifyTitle()[pri:0, instance:com.mystore.testscripts.IndexPageTest@568bf312]" name="VerifyTitle" class="com.mystore.testscripts.IndexPageTest"/>
        <method signature="IndexPageTest.VerifymyStoreLogo()[pri:0, instance:com.mystore.testscripts.IndexPageTest@568bf312]" name="VerifymyStoreLogo" class="com.mystore.testscripts.IndexPageTest"/>
        <method signature="LoginPageTest.loginTest(java.lang.String, java.lang.String)[pri:0, instance:com.mystore.testscripts.LoginPageTest@ca263c2]" name="loginTest" class="com.mystore.testscripts.LoginPageTest"/>
      </group> <!-- Smoke -->
    </groups>
    <test started-at="2022-07-22T12:46:08 IST" name="Test_All" finished-at="2022-07-22T12:47:21 IST" duration-ms="72783">
      <class name="com.mystore.testscripts.LoginPageTest">
        <test-method is-config="true" signature="setup(java.lang.String)[pri:0, instance:com.mystore.testscripts.LoginPageTest@ca263c2]" started-at="2022-07-22T12:46:31 IST" name="setup" finished-at="2022-07-22T12:46:42 IST" duration-ms="10681" status="PASS">
          <params>
            <param index="0">
              <value>
                <![CDATA[Chrome]]>
              </value>
            </param>
          </params>
          <reporter-output>
          </reporter-output>
        </test-method> <!-- setup -->
        <test-method signature="loginTest(java.lang.String, java.lang.String)[pri:0, instance:com.mystore.testscripts.LoginPageTest@ca263c2]" started-at="2022-07-22T12:46:42 IST" name="loginTest" data-provider="credentials" finished-at="2022-07-22T12:46:52 IST" duration-ms="10067" status="PASS">
          <params>
            <param index="0">
              <value>
                <![CDATA[admin777@gmail.com]]>
              </value>
            </param>
            <param index="1">
              <value>
                <![CDATA[admin777]]>
              </value>
            </param>
          </params>
          <reporter-output>
          </reporter-output>
        </test-method> <!-- loginTest -->
        <test-method is-config="true" signature="tearDown()[pri:0, instance:com.mystore.testscripts.LoginPageTest@ca263c2]" started-at="2022-07-22T12:46:52 IST" name="tearDown" finished-at="2022-07-22T12:46:52 IST" duration-ms="244" status="PASS">
          <reporter-output>
          </reporter-output>
        </test-method> <!-- tearDown -->
        <test-method is-config="true" signature="setup(java.lang.String)[pri:0, instance:com.mystore.testscripts.LoginPageTest@ca263c2]" started-at="2022-07-22T12:46:52 IST" name="setup" finished-at="2022-07-22T12:47:01 IST" duration-ms="8659" status="PASS">
          <params>
            <param index="0">
              <value>
                <![CDATA[Chrome]]>
              </value>
            </param>
          </params>
          <reporter-output>
          </reporter-output>
        </test-method> <!-- setup -->
        <test-method signature="loginTest(java.lang.String, java.lang.String)[pri:0, instance:com.mystore.testscripts.LoginPageTest@ca263c2]" started-at="2022-07-22T12:47:01 IST" name="loginTest" data-provider="credentials" finished-at="2022-07-22T12:47:20 IST" duration-ms="19164" status="FAIL">
          <params>
            <param index="0">
              <value>
                <![CDATA[agfgafj@gmail.com]]>
              </value>
            </param>
            <param index="1">
              <value>
                <![CDATA[jasdhkhj]]>
              </value>
            </param>
          </params>
          <exception class="java.lang.AssertionError">
            <message>
              <![CDATA[expected [http://automationpractice.com/index.php?controller=my-account] but found [http://automationpractice.com/index.php?controller=authentication]]]>
            </message>
            <full-stacktrace>
              <![CDATA[java.lang.AssertionError: expected [http://automationpractice.com/index.php?controller=my-account] but found [http://automationpractice.com/index.php?controller=authentication]
at org.testng.Assert.fail(Assert.java:97)
at org.testng.Assert.assertEqualsImpl(Assert.java:136)
at org.testng.Assert.assertEquals(Assert.java:118)
at org.testng.Assert.assertEquals(Assert.java:575)
at org.testng.Assert.assertEquals(Assert.java:585)
at com.mystore.testscripts.LoginPageTest.loginTest(LoginPageTest.java:44)
at java.base/jdk.internal.reflect.DirectMethodHandleAccessor.invoke(DirectMethodHandleAccessor.java:104)
at java.base/java.lang.reflect.Method.invoke(Method.java:577)
at org.testng.internal.MethodInvocationHelper.invokeMethod(MethodInvocationHelper.java:134)
at org.testng.internal.TestInvoker.invokeMethod(TestInvoker.java:597)
at org.testng.internal.TestInvoker.invokeTestMethod(TestInvoker.java:173)
at org.testng.internal.MethodRunner.runInSequence(MethodRunner.java:46)
at org.testng.internal.TestInvoker$MethodInvocationAgent.invoke(TestInvoker.java:816)
at org.testng.internal.TestInvoker.invokeTestMethods(TestInvoker.java:146)
at org.testng.internal.TestMethodWorker.invokeTestMethods(TestMethodWorker.java:146)
at org.testng.internal.TestMethodWorker.run(TestMethodWorker.java:128)
at java.base/java.util.ArrayList.forEach(ArrayList.java:1511)
at org.testng.TestRunner.privateRun(TestRunner.java:766)
at org.testng.TestRunner.run(TestRunner.java:587)
at org.testng.SuiteRunner.runTest(SuiteRunner.java:384)
at org.testng.SuiteRunner.runSequentially(SuiteRunner.java:378)
at org.testng.SuiteRunner.privateRun(SuiteRunner.java:337)
at org.testng.SuiteRunner.run(SuiteRunner.java:286)
at org.testng.SuiteRunnerWorker.runSuite(SuiteRunnerWorker.java:53)
at org.testng.SuiteRunnerWorker.run(SuiteRunnerWorker.java:96)
at org.testng.TestNG.runSuitesSequentially(TestNG.java:1187)
at org.testng.TestNG.runSuitesLocally(TestNG.java:1109)
at org.testng.TestNG.runSuites(TestNG.java:1039)
at org.testng.TestNG.run(TestNG.java:1007)
at org.apache.maven.surefire.testng.TestNGExecutor.run(TestNGExecutor.java:295)
at org.apache.maven.surefire.testng.TestNGXmlTestSuite.execute(TestNGXmlTestSuite.java:84)
at org.apache.maven.surefire.testng.TestNGProvider.invoke(TestNGProvider.java:90)
at org.apache.maven.surefire.booter.ForkedBooter.invokeProviderInSameClassLoader(ForkedBooter.java:203)
at org.apache.maven.surefire.booter.ForkedBooter.runSuitesInProcess(ForkedBooter.java:155)
at org.apache.maven.surefire.booter.ForkedBooter.main(ForkedBooter.java:103)
]]>
            </full-stacktrace>
          </exception> <!-- java.lang.AssertionError -->
          <reporter-output>
          </reporter-output>
        </test-method> <!-- loginTest -->
        <test-method is-config="true" signature="tearDown()[pri:0, instance:com.mystore.testscripts.LoginPageTest@ca263c2]" started-at="2022-07-22T12:47:20 IST" name="tearDown" finished-at="2022-07-22T12:47:21 IST" duration-ms="268" status="PASS">
          <reporter-output>
          </reporter-output>
        </test-method> <!-- tearDown -->
      </class> <!-- com.mystore.testscripts.LoginPageTest -->
      <class name="com.mystore.testscripts.IndexPageTest">
        <test-method is-config="true" signature="loadConfig()[pri:0, instance:com.mystore.testscripts.IndexPageTest@568bf312]" started-at="2022-07-22T12:46:08 IST" name="loadConfig" finished-at="2022-07-22T12:46:08 IST" duration-ms="142" status="PASS">
          <reporter-output>
          </reporter-output>
        </test-method> <!-- loadConfig -->
        <test-method is-config="true" signature="setup(java.lang.String)[pri:0, instance:com.mystore.testscripts.IndexPageTest@568bf312]" started-at="2022-07-22T12:46:08 IST" name="setup" finished-at="2022-07-22T12:46:19 IST" duration-ms="10983" status="PASS">
          <params>
            <param index="0">
              <value>
                <![CDATA[Chrome]]>
              </value>
            </param>
          </params>
          <reporter-output>
          </reporter-output>
        </test-method> <!-- setup -->
        <test-method signature="VerifyTitle()[pri:0, instance:com.mystore.testscripts.IndexPageTest@568bf312]" started-at="2022-07-22T12:46:19 IST" name="VerifyTitle" finished-at="2022-07-22T12:46:19 IST" duration-ms="58" status="PASS">
          <reporter-output>
          </reporter-output>
        </test-method> <!-- VerifyTitle -->
        <test-method is-config="true" signature="tearDown()[pri:0, instance:com.mystore.testscripts.IndexPageTest@568bf312]" started-at="2022-07-22T12:46:19 IST" name="tearDown" finished-at="2022-07-22T12:46:19 IST" duration-ms="237" status="PASS">
          <reporter-output>
          </reporter-output>
        </test-method> <!-- tearDown -->
        <test-method is-config="true" signature="setup(java.lang.String)[pri:0, instance:com.mystore.testscripts.IndexPageTest@568bf312]" started-at="2022-07-22T12:46:19 IST" name="setup" finished-at="2022-07-22T12:46:30 IST" duration-ms="11253" status="PASS">
          <params>
            <param index="0">
              <value>
                <![CDATA[Chrome]]>
              </value>
            </param>
          </params>
          <reporter-output>
          </reporter-output>
        </test-method> <!-- setup -->
        <test-method signature="VerifymyStoreLogo()[pri:0, instance:com.mystore.testscripts.IndexPageTest@568bf312]" started-at="2022-07-22T12:46:30 IST" name="VerifymyStoreLogo" finished-at="2022-07-22T12:46:30 IST" duration-ms="109" status="PASS">
          <reporter-output>
          </reporter-output>
        </test-method> <!-- VerifymyStoreLogo -->
        <test-method is-config="true" signature="tearDown()[pri:0, instance:com.mystore.testscripts.IndexPageTest@568bf312]" started-at="2022-07-22T12:46:31 IST" name="tearDown" finished-at="2022-07-22T12:46:31 IST" duration-ms="221" status="PASS">
          <reporter-output>
          </reporter-output>
        </test-method> <!-- tearDown -->
        <test-method is-config="true" signature="afterSuite()[pri:0, instance:com.mystore.testscripts.IndexPageTest@568bf312]" started-at="2022-07-22T12:47:21 IST" name="afterSuite" finished-at="2022-07-22T12:47:21 IST" duration-ms="400" status="PASS">
          <reporter-output>
          </reporter-output>
        </test-method> <!-- afterSuite -->
      </class> <!-- com.mystore.testscripts.IndexPageTest -->
    </test> <!-- Test_All -->
  </suite> <!-- Suite -->
</testng-results>
